<?xml version="1.0" encoding="UTF-8"?>
<!-- Generated by org.testng.reporters.JUnitXMLReporter -->
<testsuite ignored="0" hostname="Pranav4550" failures="0" tests="2" name="Surefire test" time="20.441" errors="0" timestamp="2026-07-14T13:37:16 IST">
  <testcase classname="test.java.com.pranav.parabank.LoginTest" name="invalidLoginShowsError" time="2.428"/>
  <testcase classname="test.java.com.pranav.parabank.LoginTest" name="validLoginShowsAccountOverview" time="1.604"/>
</testsuite> <!-- Surefire test -->
