<?xml version="1.0" encoding="UTF-8"?>
<testng-results ignored="0" total="2" passed="2" failed="0" skipped="0">
  <reporter-output>
  </reporter-output>
  <suite started-at="2026-07-14T13:36:55 IST" name="Surefire suite" finished-at="2026-07-14T13:37:16 IST" duration-ms="20441">
    <groups>
    </groups>
    <test started-at="2026-07-14T13:36:55 IST" name="Surefire test" finished-at="2026-07-14T13:37:16 IST" duration-ms="20441">
      <class name="test.java.com.pranav.parabank.LoginTest">
        <test-method is-config="true" signature="setUp()[pri:0, instance:test.java.com.pranav.parabank.LoginTest@6973bf95]" started-at="2026-07-14T13:36:55 IST" name="setUp" finished-at="2026-07-14T13:37:01 IST" duration-ms="5999" status="PASS">
          <reporter-output>
          </reporter-output>
        </test-method> <!-- setUp -->
        <test-method signature="invalidLoginShowsError()[pri:0, instance:test.java.com.pranav.parabank.LoginTest@6973bf95]" started-at="2026-07-14T13:37:01 IST" name="invalidLoginShowsError" finished-at="2026-07-14T13:37:04 IST" duration-ms="2428" status="PASS">
          <reporter-output>
          </reporter-output>
        </test-method> <!-- invalidLoginShowsError -->
        <test-method is-config="true" signature="tearDown()[pri:0, instance:test.java.com.pranav.parabank.LoginTest@6973bf95]" started-at="2026-07-14T13:37:04 IST" name="tearDown" finished-at="2026-07-14T13:37:07 IST" duration-ms="3432" status="PASS">
          <reporter-output>
          </reporter-output>
        </test-method> <!-- tearDown -->
        <test-method is-config="true" signature="setUp()[pri:0, instance:test.java.com.pranav.parabank.LoginTest@6973bf95]" started-at="2026-07-14T13:37:07 IST" name="setUp" finished-at="2026-07-14T13:37:11 IST" duration-ms="3608" status="PASS">
          <reporter-output>
          </reporter-output>
        </test-method> <!-- setUp -->
        <test-method signature="validLoginShowsAccountOverview()[pri:0, instance:test.java.com.pranav.parabank.LoginTest@6973bf95]" started-at="2026-07-14T13:37:11 IST" name="validLoginShowsAccountOverview" finished-at="2026-07-14T13:37:12 IST" duration-ms="1604" status="PASS">
          <reporter-output>
          </reporter-output>
        </test-method> <!-- validLoginShowsAccountOverview -->
        <test-method is-config="true" signature="tearDown()[pri:0, instance:test.java.com.pranav.parabank.LoginTest@6973bf95]" started-at="2026-07-14T13:37:12 IST" name="tearDown" finished-at="2026-07-14T13:37:16 IST" duration-ms="3314" status="PASS">
          <reporter-output>
          </reporter-output>
        </test-method> <!-- tearDown -->
      </class> <!-- test.java.com.pranav.parabank.LoginTest -->
    </test> <!-- Surefire test -->
  </suite> <!-- Surefire suite -->
</testng-results>
