<?xml version="1.0" encoding="UTF-8"?>
<!-- Generated by org.testng.reporters.JUnitReportReporter -->
<testsuite hostname="Pranav4550" failures="0" tests="2" name="test.java.com.pranav.parabank.LoginTest" time="20.385" errors="0" timestamp="2026-07-14T13:37:16 IST" skipped="0">
  <testcase classname="test.java.com.pranav.parabank.LoginTest" name="validLoginShowsAccountOverview" time="11.035"/>
  <testcase classname="test.java.com.pranav.parabank.LoginTest" name="invalidLoginShowsError" time="9.350"/>
</testsuite> <!-- test.java.com.pranav.parabank.LoginTest -->
