<?xml version="1.0" encoding="UTF-8"?>
<!-- Generated by org.testng.reporters.JUnitReportReporter -->
<testsuite hostname="Pranav4550" failures="0" tests="2" name="com.pranav.parabank.LoginTest" time="20.872" errors="0" timestamp="2026-07-14T13:33:53 IST" skipped="0">
  <testcase classname="com.pranav.parabank.LoginTest" name="validLoginShowsAccountOverview" time="5.266"/>
  <testcase classname="com.pranav.parabank.LoginTest" name="invalidLoginShowsError" time="15.606"/>
</testsuite> <!-- com.pranav.parabank.LoginTest -->
